2019-10-14 15:30:56,432 INFO 44753 [egg-schedule]: register schedule /Users/sillyy/学习/Repo/ido-crm-server/node_modules/egg-multipart/app/schedule/clean_tmpdir.js
2019-10-14 15:30:56,432 INFO 44753 [egg-schedule]: register schedule /Users/sillyy/学习/Repo/ido-crm-server/node_modules/egg-logrotator/app/schedule/clean_log.js
2019-10-14 15:30:56,432 INFO 44753 [egg-schedule]: register schedule /Users/sillyy/学习/Repo/ido-crm-server/node_modules/egg-logrotator/app/schedule/rotate_by_file.js
2019-10-14 15:30:57,403 INFO 44750 [Timer] /Users/sillyy/学习/Repo/ido-crm-server/node_modules/egg-multipart/app/schedule/clean_tmpdir.js next time will execute after 46742604ms at 2019-10-15 04:30:00.007
2019-10-14 15:30:57,403 INFO 44750 [Timer] /Users/sillyy/学习/Repo/ido-crm-server/node_modules/egg-logrotator/app/schedule/clean_log.js next time will execute after 30542597ms at 2019-10-15 00:00:00.000
2019-10-14 15:30:57,404 INFO 44750 [Timer] /Users/sillyy/学习/Repo/ido-crm-server/node_modules/egg-logrotator/app/schedule/rotate_by_file.js next time will execute after 30543596ms at 2019-10-15 00:00:01.000
2019-10-14 15:31:46,044 INFO 44856 [egg-schedule]: register schedule /Users/sillyy/学习/Repo/ido-crm-server/node_modules/egg-multipart/app/schedule/clean_tmpdir.js
2019-10-14 15:31:46,044 INFO 44856 [egg-schedule]: register schedule /Users/sillyy/学习/Repo/ido-crm-server/node_modules/egg-logrotator/app/schedule/clean_log.js
2019-10-14 15:31:46,044 INFO 44856 [egg-schedule]: register schedule /Users/sillyy/学习/Repo/ido-crm-server/node_modules/egg-logrotator/app/schedule/rotate_by_file.js
2019-10-14 15:33:23,230 INFO 45017 [egg-schedule]: register schedule /Users/sillyy/学习/Repo/ido-crm-server/node_modules/egg-multipart/app/schedule/clean_tmpdir.js
2019-10-14 15:33:23,230 INFO 45017 [egg-schedule]: register schedule /Users/sillyy/学习/Repo/ido-crm-server/node_modules/egg-logrotator/app/schedule/clean_log.js
2019-10-14 15:33:23,230 INFO 45017 [egg-schedule]: register schedule /Users/sillyy/学习/Repo/ido-crm-server/node_modules/egg-logrotator/app/schedule/rotate_by_file.js
2019-10-14 15:34:27,358 INFO 45120 [egg-schedule]: register schedule /Users/sillyy/学习/Repo/ido-crm-server/node_modules/egg-multipart/app/schedule/clean_tmpdir.js
2019-10-14 15:34:27,358 INFO 45120 [egg-schedule]: register schedule /Users/sillyy/学习/Repo/ido-crm-server/node_modules/egg-logrotator/app/schedule/clean_log.js
2019-10-14 15:34:27,358 INFO 45120 [egg-schedule]: register schedule /Users/sillyy/学习/Repo/ido-crm-server/node_modules/egg-logrotator/app/schedule/rotate_by_file.js
2019-10-14 15:45:30,858 INFO 46113 [egg-schedule]: register schedule /Users/sillyy/学习/Repo/ido-crm-server/node_modules/egg-multipart/app/schedule/clean_tmpdir.js
2019-10-14 15:45:30,858 INFO 46113 [egg-schedule]: register schedule /Users/sillyy/学习/Repo/ido-crm-server/node_modules/egg-logrotator/app/schedule/clean_log.js
2019-10-14 15:45:30,858 INFO 46113 [egg-schedule]: register schedule /Users/sillyy/学习/Repo/ido-crm-server/node_modules/egg-logrotator/app/schedule/rotate_by_file.js
2019-10-14 15:48:21,185 INFO 46419 [egg-schedule]: register schedule /Users/sillyy/学习/Repo/ido-crm-server/node_modules/egg-multipart/app/schedule/clean_tmpdir.js
2019-10-14 15:48:21,185 INFO 46419 [egg-schedule]: register schedule /Users/sillyy/学习/Repo/ido-crm-server/node_modules/egg-logrotator/app/schedule/clean_log.js
2019-10-14 15:48:21,185 INFO 46419 [egg-schedule]: register schedule /Users/sillyy/学习/Repo/ido-crm-server/node_modules/egg-logrotator/app/schedule/rotate_by_file.js
2019-10-14 15:48:29,876 INFO 46450 [egg-schedule]: register schedule /Users/sillyy/学习/Repo/ido-crm-server/node_modules/egg-multipart/app/schedule/clean_tmpdir.js
2019-10-14 15:48:29,876 INFO 46450 [egg-schedule]: register schedule /Users/sillyy/学习/Repo/ido-crm-server/node_modules/egg-logrotator/app/schedule/clean_log.js
2019-10-14 15:48:29,876 INFO 46450 [egg-schedule]: register schedule /Users/sillyy/学习/Repo/ido-crm-server/node_modules/egg-logrotator/app/schedule/rotate_by_file.js
2019-10-14 16:29:18,591 INFO 50202 [Timer] /Users/sillyy/学习/Repo/ido-crm-server/node_modules/egg-multipart/app/schedule/clean_tmpdir.js next time will execute after 43241411ms at 2019-10-15 04:30:00.002
2019-10-14 16:29:18,592 INFO 50202 [Timer] /Users/sillyy/学习/Repo/ido-crm-server/node_modules/egg-logrotator/app/schedule/clean_log.js next time will execute after 27041408ms at 2019-10-15 00:00:00.000
2019-10-14 16:29:18,592 INFO 50202 [Timer] /Users/sillyy/学习/Repo/ido-crm-server/node_modules/egg-logrotator/app/schedule/rotate_by_file.js next time will execute after 27042408ms at 2019-10-15 00:00:01.000
2019-10-14 16:29:18,529 INFO 50203 [egg-schedule]: register schedule /Users/sillyy/学习/Repo/ido-crm-server/node_modules/egg-multipart/app/schedule/clean_tmpdir.js
2019-10-14 16:29:18,529 INFO 50203 [egg-schedule]: register schedule /Users/sillyy/学习/Repo/ido-crm-server/node_modules/egg-logrotator/app/schedule/clean_log.js
2019-10-14 16:29:18,529 INFO 50203 [egg-schedule]: register schedule /Users/sillyy/学习/Repo/ido-crm-server/node_modules/egg-logrotator/app/schedule/rotate_by_file.js
2019-10-14 16:33:39,250 INFO 50596 [egg-schedule]: register schedule /Users/sillyy/学习/Repo/ido-crm-server/node_modules/egg-multipart/app/schedule/clean_tmpdir.js
2019-10-14 16:33:39,250 INFO 50596 [egg-schedule]: register schedule /Users/sillyy/学习/Repo/ido-crm-server/node_modules/egg-logrotator/app/schedule/clean_log.js
2019-10-14 16:33:39,250 INFO 50596 [egg-schedule]: register schedule /Users/sillyy/学习/Repo/ido-crm-server/node_modules/egg-logrotator/app/schedule/rotate_by_file.js
2019-10-14 16:33:41,598 INFO 50607 [egg-schedule]: register schedule /Users/sillyy/学习/Repo/ido-crm-server/node_modules/egg-multipart/app/schedule/clean_tmpdir.js
2019-10-14 16:33:41,598 INFO 50607 [egg-schedule]: register schedule /Users/sillyy/学习/Repo/ido-crm-server/node_modules/egg-logrotator/app/schedule/clean_log.js
2019-10-14 16:33:41,598 INFO 50607 [egg-schedule]: register schedule /Users/sillyy/学习/Repo/ido-crm-server/node_modules/egg-logrotator/app/schedule/rotate_by_file.js
2019-10-14 16:35:05,356 INFO 50741 [egg-schedule]: register schedule /Users/sillyy/学习/Repo/ido-crm-server/node_modules/egg-multipart/app/schedule/clean_tmpdir.js
2019-10-14 16:35:05,356 INFO 50741 [egg-schedule]: register schedule /Users/sillyy/学习/Repo/ido-crm-server/node_modules/egg-logrotator/app/schedule/clean_log.js
2019-10-14 16:35:05,356 INFO 50741 [egg-schedule]: register schedule /Users/sillyy/学习/Repo/ido-crm-server/node_modules/egg-logrotator/app/schedule/rotate_by_file.js
2019-10-14 16:35:29,150 INFO 50777 [egg-schedule]: register schedule /Users/sillyy/学习/Repo/ido-crm-server/node_modules/egg-multipart/app/schedule/clean_tmpdir.js
2019-10-14 16:35:29,150 INFO 50777 [egg-schedule]: register schedule /Users/sillyy/学习/Repo/ido-crm-server/node_modules/egg-logrotator/app/schedule/clean_log.js
2019-10-14 16:35:29,150 INFO 50777 [egg-schedule]: register schedule /Users/sillyy/学习/Repo/ido-crm-server/node_modules/egg-logrotator/app/schedule/rotate_by_file.js
2019-10-14 16:36:58,767 INFO 50918 [egg-schedule]: register schedule /Users/sillyy/学习/Repo/ido-crm-server/node_modules/egg-multipart/app/schedule/clean_tmpdir.js
2019-10-14 16:36:58,767 INFO 50918 [egg-schedule]: register schedule /Users/sillyy/学习/Repo/ido-crm-server/node_modules/egg-logrotator/app/schedule/clean_log.js
2019-10-14 16:36:58,767 INFO 50918 [egg-schedule]: register schedule /Users/sillyy/学习/Repo/ido-crm-server/node_modules/egg-logrotator/app/schedule/rotate_by_file.js
2019-10-14 16:37:15,619 INFO 50954 [egg-schedule]: register schedule /Users/sillyy/学习/Repo/ido-crm-server/node_modules/egg-multipart/app/schedule/clean_tmpdir.js
2019-10-14 16:37:15,619 INFO 50954 [egg-schedule]: register schedule /Users/sillyy/学习/Repo/ido-crm-server/node_modules/egg-logrotator/app/schedule/clean_log.js
2019-10-14 16:37:15,619 INFO 50954 [egg-schedule]: register schedule /Users/sillyy/学习/Repo/ido-crm-server/node_modules/egg-logrotator/app/schedule/rotate_by_file.js
2019-10-14 16:39:56,427 INFO 51276 [egg-schedule]: register schedule /Users/sillyy/学习/Repo/ido-crm-server/node_modules/egg-multipart/app/schedule/clean_tmpdir.js
2019-10-14 16:39:56,427 INFO 51276 [egg-schedule]: register schedule /Users/sillyy/学习/Repo/ido-crm-server/node_modules/egg-logrotator/app/schedule/clean_log.js
2019-10-14 16:39:56,427 INFO 51276 [egg-schedule]: register schedule /Users/sillyy/学习/Repo/ido-crm-server/node_modules/egg-logrotator/app/schedule/rotate_by_file.js
2019-10-14 16:40:55,507 INFO 51385 [egg-schedule]: register schedule /Users/sillyy/学习/Repo/ido-crm-server/node_modules/egg-multipart/app/schedule/clean_tmpdir.js
2019-10-14 16:40:55,507 INFO 51385 [egg-schedule]: register schedule /Users/sillyy/学习/Repo/ido-crm-server/node_modules/egg-logrotator/app/schedule/clean_log.js
2019-10-14 16:40:55,507 INFO 51385 [egg-schedule]: register schedule /Users/sillyy/学习/Repo/ido-crm-server/node_modules/egg-logrotator/app/schedule/rotate_by_file.js
2019-10-14 16:43:21,637 INFO 51616 [egg-schedule]: register schedule /Users/sillyy/学习/Repo/ido-crm-server/node_modules/egg-multipart/app/schedule/clean_tmpdir.js
2019-10-14 16:43:21,637 INFO 51616 [egg-schedule]: register schedule /Users/sillyy/学习/Repo/ido-crm-server/node_modules/egg-logrotator/app/schedule/clean_log.js
2019-10-14 16:43:21,637 INFO 51616 [egg-schedule]: register schedule /Users/sillyy/学习/Repo/ido-crm-server/node_modules/egg-logrotator/app/schedule/rotate_by_file.js
2019-10-14 16:44:26,902 INFO 51728 [egg-schedule]: register schedule /Users/sillyy/学习/Repo/ido-crm-server/node_modules/egg-multipart/app/schedule/clean_tmpdir.js
2019-10-14 16:44:26,902 INFO 51728 [egg-schedule]: register schedule /Users/sillyy/学习/Repo/ido-crm-server/node_modules/egg-logrotator/app/schedule/clean_log.js
2019-10-14 16:44:26,902 INFO 51728 [egg-schedule]: register schedule /Users/sillyy/学习/Repo/ido-crm-server/node_modules/egg-logrotator/app/schedule/rotate_by_file.js
2019-10-14 16:44:30,568 INFO 51742 [egg-schedule]: register schedule /Users/sillyy/学习/Repo/ido-crm-server/node_modules/egg-multipart/app/schedule/clean_tmpdir.js
2019-10-14 16:44:30,568 INFO 51742 [egg-schedule]: register schedule /Users/sillyy/学习/Repo/ido-crm-server/node_modules/egg-logrotator/app/schedule/clean_log.js
2019-10-14 16:44:30,568 INFO 51742 [egg-schedule]: register schedule /Users/sillyy/学习/Repo/ido-crm-server/node_modules/egg-logrotator/app/schedule/rotate_by_file.js
2019-10-14 16:45:12,294 INFO 51906 [Timer] /Users/sillyy/学习/Repo/ido-crm-server/node_modules/egg-multipart/app/schedule/clean_tmpdir.js next time will execute after 42287709ms at 2019-10-15 04:30:00.003
2019-10-14 16:45:12,294 INFO 51906 [Timer] /Users/sillyy/学习/Repo/ido-crm-server/node_modules/egg-logrotator/app/schedule/clean_log.js next time will execute after 26087706ms at 2019-10-15 00:00:00.000
2019-10-14 16:45:12,294 INFO 51906 [Timer] /Users/sillyy/学习/Repo/ido-crm-server/node_modules/egg-logrotator/app/schedule/rotate_by_file.js next time will execute after 26088706ms at 2019-10-15 00:00:01.000
2019-10-14 16:45:12,225 INFO 51911 [egg-schedule]: register schedule /Users/sillyy/学习/Repo/ido-crm-server/node_modules/egg-multipart/app/schedule/clean_tmpdir.js
2019-10-14 16:45:12,225 INFO 51911 [egg-schedule]: register schedule /Users/sillyy/学习/Repo/ido-crm-server/node_modules/egg-logrotator/app/schedule/clean_log.js
2019-10-14 16:45:12,225 INFO 51911 [egg-schedule]: register schedule /Users/sillyy/学习/Repo/ido-crm-server/node_modules/egg-logrotator/app/schedule/rotate_by_file.js
2019-10-14 16:49:08,762 INFO 52344 [Timer] /Users/sillyy/学习/Repo/ido-crm-server/node_modules/egg-multipart/app/schedule/clean_tmpdir.js next time will execute after 42051241ms at 2019-10-15 04:30:00.003
2019-10-14 16:49:08,763 INFO 52344 [Timer] /Users/sillyy/学习/Repo/ido-crm-server/node_modules/egg-logrotator/app/schedule/clean_log.js next time will execute after 25851237ms at 2019-10-15 00:00:00.000
2019-10-14 16:49:08,763 INFO 52344 [Timer] /Users/sillyy/学习/Repo/ido-crm-server/node_modules/egg-logrotator/app/schedule/rotate_by_file.js next time will execute after 25852237ms at 2019-10-15 00:00:01.000
2019-10-14 16:49:08,695 INFO 52350 [egg-schedule]: register schedule /Users/sillyy/学习/Repo/ido-crm-server/node_modules/egg-multipart/app/schedule/clean_tmpdir.js
2019-10-14 16:49:08,695 INFO 52350 [egg-schedule]: register schedule /Users/sillyy/学习/Repo/ido-crm-server/node_modules/egg-logrotator/app/schedule/clean_log.js
2019-10-14 16:49:08,695 INFO 52350 [egg-schedule]: register schedule /Users/sillyy/学习/Repo/ido-crm-server/node_modules/egg-logrotator/app/schedule/rotate_by_file.js
2019-10-14 16:51:44,217 INFO 52732 [egg-schedule]: register schedule /Users/sillyy/学习/Repo/ido-crm-server/node_modules/egg-multipart/app/schedule/clean_tmpdir.js
2019-10-14 16:51:44,217 INFO 52732 [egg-schedule]: register schedule /Users/sillyy/学习/Repo/ido-crm-server/node_modules/egg-logrotator/app/schedule/clean_log.js
2019-10-14 16:51:44,217 INFO 52732 [egg-schedule]: register schedule /Users/sillyy/学习/Repo/ido-crm-server/node_modules/egg-logrotator/app/schedule/rotate_by_file.js
2019-10-14 16:51:45,216 INFO 52727 [Timer] /Users/sillyy/学习/Repo/ido-crm-server/node_modules/egg-multipart/app/schedule/clean_tmpdir.js next time will execute after 41894788ms at 2019-10-15 04:30:00.004
2019-10-14 16:51:45,216 INFO 52727 [Timer] /Users/sillyy/学习/Repo/ido-crm-server/node_modules/egg-logrotator/app/schedule/clean_log.js next time will execute after 25694784ms at 2019-10-15 00:00:00.000
2019-10-14 16:51:45,216 INFO 52727 [Timer] /Users/sillyy/学习/Repo/ido-crm-server/node_modules/egg-logrotator/app/schedule/rotate_by_file.js next time will execute after 25695784ms at 2019-10-15 00:00:01.000
2019-10-14 16:52:05,777 INFO 52780 [egg-schedule]: register schedule /Users/sillyy/学习/Repo/ido-crm-server/node_modules/egg-multipart/app/schedule/clean_tmpdir.js
2019-10-14 16:52:05,777 INFO 52780 [egg-schedule]: register schedule /Users/sillyy/学习/Repo/ido-crm-server/node_modules/egg-logrotator/app/schedule/clean_log.js
2019-10-14 16:52:05,777 INFO 52780 [egg-schedule]: register schedule /Users/sillyy/学习/Repo/ido-crm-server/node_modules/egg-logrotator/app/schedule/rotate_by_file.js
2019-10-14 16:53:18,326 INFO 52920 [egg-schedule]: register schedule /Users/sillyy/学习/Repo/ido-crm-server/node_modules/egg-multipart/app/schedule/clean_tmpdir.js
2019-10-14 16:53:18,326 INFO 52920 [egg-schedule]: register schedule /Users/sillyy/学习/Repo/ido-crm-server/node_modules/egg-logrotator/app/schedule/clean_log.js
2019-10-14 16:53:18,326 INFO 52920 [egg-schedule]: register schedule /Users/sillyy/学习/Repo/ido-crm-server/node_modules/egg-logrotator/app/schedule/rotate_by_file.js
2019-10-14 16:55:06,302 INFO 53090 [egg-schedule]: register schedule /Users/sillyy/学习/Repo/ido-crm-server/node_modules/egg-multipart/app/schedule/clean_tmpdir.js
2019-10-14 16:55:06,302 INFO 53090 [egg-schedule]: register schedule /Users/sillyy/学习/Repo/ido-crm-server/node_modules/egg-logrotator/app/schedule/clean_log.js
2019-10-14 16:55:06,302 INFO 53090 [egg-schedule]: register schedule /Users/sillyy/学习/Repo/ido-crm-server/node_modules/egg-logrotator/app/schedule/rotate_by_file.js
2019-10-14 16:57:08,855 INFO 53276 [egg-schedule]: register schedule /Users/sillyy/学习/Repo/ido-crm-server/node_modules/egg-multipart/app/schedule/clean_tmpdir.js
2019-10-14 16:57:08,855 INFO 53276 [egg-schedule]: register schedule /Users/sillyy/学习/Repo/ido-crm-server/node_modules/egg-logrotator/app/schedule/clean_log.js
2019-10-14 16:57:08,855 INFO 53276 [egg-schedule]: register schedule /Users/sillyy/学习/Repo/ido-crm-server/node_modules/egg-logrotator/app/schedule/rotate_by_file.js
2019-10-14 16:57:57,193 INFO 53357 [egg-schedule]: register schedule /Users/sillyy/学习/Repo/ido-crm-server/node_modules/egg-multipart/app/schedule/clean_tmpdir.js
2019-10-14 16:57:57,194 INFO 53357 [egg-schedule]: register schedule /Users/sillyy/学习/Repo/ido-crm-server/node_modules/egg-logrotator/app/schedule/clean_log.js
2019-10-14 16:57:57,194 INFO 53357 [egg-schedule]: register schedule /Users/sillyy/学习/Repo/ido-crm-server/node_modules/egg-logrotator/app/schedule/rotate_by_file.js
2019-10-14 16:59:50,954 INFO 53525 [egg-schedule]: register schedule /Users/sillyy/学习/Repo/ido-crm-server/node_modules/egg-multipart/app/schedule/clean_tmpdir.js
2019-10-14 16:59:50,954 INFO 53525 [egg-schedule]: register schedule /Users/sillyy/学习/Repo/ido-crm-server/node_modules/egg-logrotator/app/schedule/clean_log.js
2019-10-14 16:59:50,954 INFO 53525 [egg-schedule]: register schedule /Users/sillyy/学习/Repo/ido-crm-server/node_modules/egg-logrotator/app/schedule/rotate_by_file.js
2019-10-14 17:01:08,822 INFO 53644 [egg-schedule]: register schedule /Users/sillyy/学习/Repo/ido-crm-server/node_modules/egg-multipart/app/schedule/clean_tmpdir.js
2019-10-14 17:01:08,822 INFO 53644 [egg-schedule]: register schedule /Users/sillyy/学习/Repo/ido-crm-server/node_modules/egg-logrotator/app/schedule/clean_log.js
2019-10-14 17:01:08,822 INFO 53644 [egg-schedule]: register schedule /Users/sillyy/学习/Repo/ido-crm-server/node_modules/egg-logrotator/app/schedule/rotate_by_file.js
2019-10-14 17:01:44,744 INFO 53710 [egg-schedule]: register schedule /Users/sillyy/学习/Repo/ido-crm-server/node_modules/egg-multipart/app/schedule/clean_tmpdir.js
2019-10-14 17:01:44,744 INFO 53710 [egg-schedule]: register schedule /Users/sillyy/学习/Repo/ido-crm-server/node_modules/egg-logrotator/app/schedule/clean_log.js
2019-10-14 17:01:44,744 INFO 53710 [egg-schedule]: register schedule /Users/sillyy/学习/Repo/ido-crm-server/node_modules/egg-logrotator/app/schedule/rotate_by_file.js
2019-10-14 17:01:56,776 INFO 53734 [egg-schedule]: register schedule /Users/sillyy/学习/Repo/ido-crm-server/node_modules/egg-multipart/app/schedule/clean_tmpdir.js
2019-10-14 17:01:56,776 INFO 53734 [egg-schedule]: register schedule /Users/sillyy/学习/Repo/ido-crm-server/node_modules/egg-logrotator/app/schedule/clean_log.js
2019-10-14 17:01:56,776 INFO 53734 [egg-schedule]: register schedule /Users/sillyy/学习/Repo/ido-crm-server/node_modules/egg-logrotator/app/schedule/rotate_by_file.js
2019-10-14 17:02:15,318 INFO 53766 [egg-schedule]: register schedule /Users/sillyy/学习/Repo/ido-crm-server/node_modules/egg-multipart/app/schedule/clean_tmpdir.js
2019-10-14 17:02:15,318 INFO 53766 [egg-schedule]: register schedule /Users/sillyy/学习/Repo/ido-crm-server/node_modules/egg-logrotator/app/schedule/clean_log.js
2019-10-14 17:02:15,318 INFO 53766 [egg-schedule]: register schedule /Users/sillyy/学习/Repo/ido-crm-server/node_modules/egg-logrotator/app/schedule/rotate_by_file.js
2019-10-14 17:03:34,053 INFO 53909 [egg-schedule]: register schedule /Users/sillyy/学习/Repo/ido-crm-server/node_modules/egg-multipart/app/schedule/clean_tmpdir.js
2019-10-14 17:03:34,053 INFO 53909 [egg-schedule]: register schedule /Users/sillyy/学习/Repo/ido-crm-server/node_modules/egg-logrotator/app/schedule/clean_log.js
2019-10-14 17:03:34,053 INFO 53909 [egg-schedule]: register schedule /Users/sillyy/学习/Repo/ido-crm-server/node_modules/egg-logrotator/app/schedule/rotate_by_file.js
2019-10-14 17:03:54,916 INFO 53946 [egg-schedule]: register schedule /Users/sillyy/学习/Repo/ido-crm-server/node_modules/egg-multipart/app/schedule/clean_tmpdir.js
2019-10-14 17:03:54,916 INFO 53946 [egg-schedule]: register schedule /Users/sillyy/学习/Repo/ido-crm-server/node_modules/egg-logrotator/app/schedule/clean_log.js
2019-10-14 17:03:54,916 INFO 53946 [egg-schedule]: register schedule /Users/sillyy/学习/Repo/ido-crm-server/node_modules/egg-logrotator/app/schedule/rotate_by_file.js
2019-10-14 17:04:31,891 INFO 54016 [egg-schedule]: register schedule /Users/sillyy/学习/Repo/ido-crm-server/node_modules/egg-multipart/app/schedule/clean_tmpdir.js
2019-10-14 17:04:31,891 INFO 54016 [egg-schedule]: register schedule /Users/sillyy/学习/Repo/ido-crm-server/node_modules/egg-logrotator/app/schedule/clean_log.js
2019-10-14 17:04:31,891 INFO 54016 [egg-schedule]: register schedule /Users/sillyy/学习/Repo/ido-crm-server/node_modules/egg-logrotator/app/schedule/rotate_by_file.js
2019-10-14 17:04:46,139 INFO 54117 [Timer] /Users/sillyy/学习/Repo/ido-crm-server/node_modules/egg-multipart/app/schedule/clean_tmpdir.js next time will execute after 41113864ms at 2019-10-15 04:30:00.003
2019-10-14 17:04:46,140 INFO 54117 [Timer] /Users/sillyy/学习/Repo/ido-crm-server/node_modules/egg-logrotator/app/schedule/clean_log.js next time will execute after 24913861ms at 2019-10-15 00:00:00.001
2019-10-14 17:04:46,140 INFO 54117 [Timer] /Users/sillyy/学习/Repo/ido-crm-server/node_modules/egg-logrotator/app/schedule/rotate_by_file.js next time will execute after 24914860ms at 2019-10-15 00:00:01.000
2019-10-14 17:04:46,065 INFO 54119 [egg-schedule]: register schedule /Users/sillyy/学习/Repo/ido-crm-server/node_modules/egg-multipart/app/schedule/clean_tmpdir.js
2019-10-14 17:04:46,066 INFO 54119 [egg-schedule]: register schedule /Users/sillyy/学习/Repo/ido-crm-server/node_modules/egg-logrotator/app/schedule/clean_log.js
2019-10-14 17:04:46,066 INFO 54119 [egg-schedule]: register schedule /Users/sillyy/学习/Repo/ido-crm-server/node_modules/egg-logrotator/app/schedule/rotate_by_file.js
2019-10-14 17:05:44,078 INFO 54224 [egg-schedule]: register schedule /Users/sillyy/学习/Repo/ido-crm-server/node_modules/egg-multipart/app/schedule/clean_tmpdir.js
2019-10-14 17:05:44,078 INFO 54224 [egg-schedule]: register schedule /Users/sillyy/学习/Repo/ido-crm-server/node_modules/egg-logrotator/app/schedule/clean_log.js
2019-10-14 17:05:44,078 INFO 54224 [egg-schedule]: register schedule /Users/sillyy/学习/Repo/ido-crm-server/node_modules/egg-logrotator/app/schedule/rotate_by_file.js
2019-10-14 17:06:03,286 INFO 54263 [egg-schedule]: register schedule /Users/sillyy/学习/Repo/ido-crm-server/node_modules/egg-multipart/app/schedule/clean_tmpdir.js
2019-10-14 17:06:03,286 INFO 54263 [egg-schedule]: register schedule /Users/sillyy/学习/Repo/ido-crm-server/node_modules/egg-logrotator/app/schedule/clean_log.js
2019-10-14 17:06:03,286 INFO 54263 [egg-schedule]: register schedule /Users/sillyy/学习/Repo/ido-crm-server/node_modules/egg-logrotator/app/schedule/rotate_by_file.js
2019-10-14 17:07:11,386 INFO 54377 [egg-schedule]: register schedule /Users/sillyy/学习/Repo/ido-crm-server/node_modules/egg-multipart/app/schedule/clean_tmpdir.js
2019-10-14 17:07:11,386 INFO 54377 [egg-schedule]: register schedule /Users/sillyy/学习/Repo/ido-crm-server/node_modules/egg-logrotator/app/schedule/clean_log.js
2019-10-14 17:07:11,386 INFO 54377 [egg-schedule]: register schedule /Users/sillyy/学习/Repo/ido-crm-server/node_modules/egg-logrotator/app/schedule/rotate_by_file.js
2019-10-14 17:07:24,435 INFO 54412 [egg-schedule]: register schedule /Users/sillyy/学习/Repo/ido-crm-server/node_modules/egg-multipart/app/schedule/clean_tmpdir.js
2019-10-14 17:07:24,435 INFO 54412 [egg-schedule]: register schedule /Users/sillyy/学习/Repo/ido-crm-server/node_modules/egg-logrotator/app/schedule/clean_log.js
2019-10-14 17:07:24,435 INFO 54412 [egg-schedule]: register schedule /Users/sillyy/学习/Repo/ido-crm-server/node_modules/egg-logrotator/app/schedule/rotate_by_file.js
2019-10-14 17:07:38,971 INFO 54445 [egg-schedule]: register schedule /Users/sillyy/学习/Repo/ido-crm-server/node_modules/egg-multipart/app/schedule/clean_tmpdir.js
2019-10-14 17:07:38,971 INFO 54445 [egg-schedule]: register schedule /Users/sillyy/学习/Repo/ido-crm-server/node_modules/egg-logrotator/app/schedule/clean_log.js
2019-10-14 17:07:38,971 INFO 54445 [egg-schedule]: register schedule /Users/sillyy/学习/Repo/ido-crm-server/node_modules/egg-logrotator/app/schedule/rotate_by_file.js
2019-10-14 17:07:44,450 INFO 54461 [egg-schedule]: register schedule /Users/sillyy/学习/Repo/ido-crm-server/node_modules/egg-multipart/app/schedule/clean_tmpdir.js
2019-10-14 17:07:44,450 INFO 54461 [egg-schedule]: register schedule /Users/sillyy/学习/Repo/ido-crm-server/node_modules/egg-logrotator/app/schedule/clean_log.js
2019-10-14 17:07:44,450 INFO 54461 [egg-schedule]: register schedule /Users/sillyy/学习/Repo/ido-crm-server/node_modules/egg-logrotator/app/schedule/rotate_by_file.js
2019-10-14 17:08:30,919 INFO 54535 [egg-schedule]: register schedule /Users/sillyy/学习/Repo/ido-crm-server/node_modules/egg-multipart/app/schedule/clean_tmpdir.js
2019-10-14 17:08:30,919 INFO 54535 [egg-schedule]: register schedule /Users/sillyy/学习/Repo/ido-crm-server/node_modules/egg-logrotator/app/schedule/clean_log.js
2019-10-14 17:08:30,919 INFO 54535 [egg-schedule]: register schedule /Users/sillyy/学习/Repo/ido-crm-server/node_modules/egg-logrotator/app/schedule/rotate_by_file.js
2019-10-14 17:09:12,460 INFO 54604 [egg-schedule]: register schedule /Users/sillyy/学习/Repo/ido-crm-server/node_modules/egg-multipart/app/schedule/clean_tmpdir.js
2019-10-14 17:09:12,460 INFO 54604 [egg-schedule]: register schedule /Users/sillyy/学习/Repo/ido-crm-server/node_modules/egg-logrotator/app/schedule/clean_log.js
2019-10-14 17:09:12,460 INFO 54604 [egg-schedule]: register schedule /Users/sillyy/学习/Repo/ido-crm-server/node_modules/egg-logrotator/app/schedule/rotate_by_file.js
2019-10-14 17:10:23,421 INFO 54712 [egg-schedule]: register schedule /Users/sillyy/学习/Repo/ido-crm-server/node_modules/egg-multipart/app/schedule/clean_tmpdir.js
2019-10-14 17:10:23,421 INFO 54712 [egg-schedule]: register schedule /Users/sillyy/学习/Repo/ido-crm-server/node_modules/egg-logrotator/app/schedule/clean_log.js
2019-10-14 17:10:23,421 INFO 54712 [egg-schedule]: register schedule /Users/sillyy/学习/Repo/ido-crm-server/node_modules/egg-logrotator/app/schedule/rotate_by_file.js
2019-10-14 17:11:01,708 INFO 54778 [egg-schedule]: register schedule /Users/sillyy/学习/Repo/ido-crm-server/node_modules/egg-multipart/app/schedule/clean_tmpdir.js
2019-10-14 17:11:01,708 INFO 54778 [egg-schedule]: register schedule /Users/sillyy/学习/Repo/ido-crm-server/node_modules/egg-logrotator/app/schedule/clean_log.js
2019-10-14 17:11:01,708 INFO 54778 [egg-schedule]: register schedule /Users/sillyy/学习/Repo/ido-crm-server/node_modules/egg-logrotator/app/schedule/rotate_by_file.js
2019-10-14 17:11:29,908 INFO 54831 [egg-schedule]: register schedule /Users/sillyy/学习/Repo/ido-crm-server/node_modules/egg-multipart/app/schedule/clean_tmpdir.js
2019-10-14 17:11:29,908 INFO 54831 [egg-schedule]: register schedule /Users/sillyy/学习/Repo/ido-crm-server/node_modules/egg-logrotator/app/schedule/clean_log.js
2019-10-14 17:11:29,908 INFO 54831 [egg-schedule]: register schedule /Users/sillyy/学习/Repo/ido-crm-server/node_modules/egg-logrotator/app/schedule/rotate_by_file.js
2019-10-14 17:14:17,541 INFO 55066 [egg-schedule]: register schedule /Users/sillyy/学习/Repo/ido-crm-server/node_modules/egg-multipart/app/schedule/clean_tmpdir.js
2019-10-14 17:14:17,541 INFO 55066 [egg-schedule]: register schedule /Users/sillyy/学习/Repo/ido-crm-server/node_modules/egg-logrotator/app/schedule/clean_log.js
2019-10-14 17:14:17,541 INFO 55066 [egg-schedule]: register schedule /Users/sillyy/学习/Repo/ido-crm-server/node_modules/egg-logrotator/app/schedule/rotate_by_file.js
2019-10-14 17:14:26,539 INFO 55093 [egg-schedule]: register schedule /Users/sillyy/学习/Repo/ido-crm-server/node_modules/egg-multipart/app/schedule/clean_tmpdir.js
2019-10-14 17:14:26,539 INFO 55093 [egg-schedule]: register schedule /Users/sillyy/学习/Repo/ido-crm-server/node_modules/egg-logrotator/app/schedule/clean_log.js
2019-10-14 17:14:26,539 INFO 55093 [egg-schedule]: register schedule /Users/sillyy/学习/Repo/ido-crm-server/node_modules/egg-logrotator/app/schedule/rotate_by_file.js
2019-10-14 17:14:39,017 INFO 55123 [egg-schedule]: register schedule /Users/sillyy/学习/Repo/ido-crm-server/node_modules/egg-multipart/app/schedule/clean_tmpdir.js
2019-10-14 17:14:39,017 INFO 55123 [egg-schedule]: register schedule /Users/sillyy/学习/Repo/ido-crm-server/node_modules/egg-logrotator/app/schedule/clean_log.js
2019-10-14 17:14:39,017 INFO 55123 [egg-schedule]: register schedule /Users/sillyy/学习/Repo/ido-crm-server/node_modules/egg-logrotator/app/schedule/rotate_by_file.js
2019-10-14 17:16:27,069 INFO 55296 [egg-schedule]: register schedule /Users/sillyy/学习/Repo/ido-crm-server/node_modules/egg-multipart/app/schedule/clean_tmpdir.js
2019-10-14 17:16:27,069 INFO 55296 [egg-schedule]: register schedule /Users/sillyy/学习/Repo/ido-crm-server/node_modules/egg-logrotator/app/schedule/clean_log.js
2019-10-14 17:16:27,069 INFO 55296 [egg-schedule]: register schedule /Users/sillyy/学习/Repo/ido-crm-server/node_modules/egg-logrotator/app/schedule/rotate_by_file.js
2019-10-14 17:18:06,857 INFO 55445 [egg-schedule]: register schedule /Users/sillyy/学习/Repo/ido-crm-server/node_modules/egg-multipart/app/schedule/clean_tmpdir.js
2019-10-14 17:18:06,857 INFO 55445 [egg-schedule]: register schedule /Users/sillyy/学习/Repo/ido-crm-server/node_modules/egg-logrotator/app/schedule/clean_log.js
2019-10-14 17:18:06,857 INFO 55445 [egg-schedule]: register schedule /Users/sillyy/学习/Repo/ido-crm-server/node_modules/egg-logrotator/app/schedule/rotate_by_file.js
2019-10-14 17:18:57,687 INFO 55532 [egg-schedule]: register schedule /Users/sillyy/学习/Repo/ido-crm-server/node_modules/egg-multipart/app/schedule/clean_tmpdir.js
2019-10-14 17:18:57,687 INFO 55532 [egg-schedule]: register schedule /Users/sillyy/学习/Repo/ido-crm-server/node_modules/egg-logrotator/app/schedule/clean_log.js
2019-10-14 17:18:57,687 INFO 55532 [egg-schedule]: register schedule /Users/sillyy/学习/Repo/ido-crm-server/node_modules/egg-logrotator/app/schedule/rotate_by_file.js
2019-10-14 17:20:01,213 INFO 55631 [egg-schedule]: register schedule /Users/sillyy/学习/Repo/ido-crm-server/node_modules/egg-multipart/app/schedule/clean_tmpdir.js
2019-10-14 17:20:01,213 INFO 55631 [egg-schedule]: register schedule /Users/sillyy/学习/Repo/ido-crm-server/node_modules/egg-logrotator/app/schedule/clean_log.js
2019-10-14 17:20:01,213 INFO 55631 [egg-schedule]: register schedule /Users/sillyy/学习/Repo/ido-crm-server/node_modules/egg-logrotator/app/schedule/rotate_by_file.js
2019-10-14 17:20:11,023 INFO 55663 [egg-schedule]: register schedule /Users/sillyy/学习/Repo/ido-crm-server/node_modules/egg-multipart/app/schedule/clean_tmpdir.js
2019-10-14 17:20:11,023 INFO 55663 [egg-schedule]: register schedule /Users/sillyy/学习/Repo/ido-crm-server/node_modules/egg-logrotator/app/schedule/clean_log.js
2019-10-14 17:20:11,023 INFO 55663 [egg-schedule]: register schedule /Users/sillyy/学习/Repo/ido-crm-server/node_modules/egg-logrotator/app/schedule/rotate_by_file.js
2019-10-14 17:20:44,329 INFO 55732 [egg-schedule]: register schedule /Users/sillyy/学习/Repo/ido-crm-server/node_modules/egg-multipart/app/schedule/clean_tmpdir.js
2019-10-14 17:20:44,329 INFO 55732 [egg-schedule]: register schedule /Users/sillyy/学习/Repo/ido-crm-server/node_modules/egg-logrotator/app/schedule/clean_log.js
2019-10-14 17:20:44,329 INFO 55732 [egg-schedule]: register schedule /Users/sillyy/学习/Repo/ido-crm-server/node_modules/egg-logrotator/app/schedule/rotate_by_file.js
2019-10-14 17:21:23,281 INFO 55806 [egg-schedule]: register schedule /Users/sillyy/学习/Repo/ido-crm-server/node_modules/egg-multipart/app/schedule/clean_tmpdir.js
2019-10-14 17:21:23,281 INFO 55806 [egg-schedule]: register schedule /Users/sillyy/学习/Repo/ido-crm-server/node_modules/egg-logrotator/app/schedule/clean_log.js
2019-10-14 17:21:23,281 INFO 55806 [egg-schedule]: register schedule /Users/sillyy/学习/Repo/ido-crm-server/node_modules/egg-logrotator/app/schedule/rotate_by_file.js
2019-10-14 17:21:49,651 INFO 55865 [egg-schedule]: register schedule /Users/sillyy/学习/Repo/ido-crm-server/node_modules/egg-multipart/app/schedule/clean_tmpdir.js
2019-10-14 17:21:49,651 INFO 55865 [egg-schedule]: register schedule /Users/sillyy/学习/Repo/ido-crm-server/node_modules/egg-logrotator/app/schedule/clean_log.js
2019-10-14 17:21:49,651 INFO 55865 [egg-schedule]: register schedule /Users/sillyy/学习/Repo/ido-crm-server/node_modules/egg-logrotator/app/schedule/rotate_by_file.js
2019-10-14 17:22:25,129 INFO 55925 [egg-schedule]: register schedule /Users/sillyy/学习/Repo/ido-crm-server/node_modules/egg-multipart/app/schedule/clean_tmpdir.js
2019-10-14 17:22:25,129 INFO 55925 [egg-schedule]: register schedule /Users/sillyy/学习/Repo/ido-crm-server/node_modules/egg-logrotator/app/schedule/clean_log.js
2019-10-14 17:22:25,129 INFO 55925 [egg-schedule]: register schedule /Users/sillyy/学习/Repo/ido-crm-server/node_modules/egg-logrotator/app/schedule/rotate_by_file.js
2019-10-14 17:25:47,588 INFO 56452 [egg-schedule]: register schedule /Users/sillyy/学习/Repo/ido-crm-server/node_modules/egg-multipart/app/schedule/clean_tmpdir.js
2019-10-14 17:25:47,588 INFO 56452 [egg-schedule]: register schedule /Users/sillyy/学习/Repo/ido-crm-server/node_modules/egg-logrotator/app/schedule/clean_log.js
2019-10-14 17:25:47,588 INFO 56452 [egg-schedule]: register schedule /Users/sillyy/学习/Repo/ido-crm-server/node_modules/egg-logrotator/app/schedule/rotate_by_file.js
2019-10-14 17:25:48,586 INFO 56446 [Timer] /Users/sillyy/学习/Repo/ido-crm-server/node_modules/egg-multipart/app/schedule/clean_tmpdir.js next time will execute after 39851417ms at 2019-10-15 04:30:00.003
2019-10-14 17:25:48,587 INFO 56446 [Timer] /Users/sillyy/学习/Repo/ido-crm-server/node_modules/egg-logrotator/app/schedule/clean_log.js next time will execute after 23651414ms at 2019-10-15 00:00:00.001
2019-10-14 17:25:48,587 INFO 56446 [Timer] /Users/sillyy/学习/Repo/ido-crm-server/node_modules/egg-logrotator/app/schedule/rotate_by_file.js next time will execute after 23652413ms at 2019-10-15 00:00:01.000
2019-10-14 17:26:19,471 INFO 56517 [egg-schedule]: register schedule /Users/sillyy/学习/Repo/ido-crm-server/node_modules/egg-multipart/app/schedule/clean_tmpdir.js
2019-10-14 17:26:19,471 INFO 56517 [egg-schedule]: register schedule /Users/sillyy/学习/Repo/ido-crm-server/node_modules/egg-logrotator/app/schedule/clean_log.js
2019-10-14 17:26:19,471 INFO 56517 [egg-schedule]: register schedule /Users/sillyy/学习/Repo/ido-crm-server/node_modules/egg-logrotator/app/schedule/rotate_by_file.js
2019-10-14 17:27:48,858 INFO 56692 [egg-schedule]: register schedule /Users/sillyy/学习/Repo/ido-crm-server/node_modules/egg-multipart/app/schedule/clean_tmpdir.js
2019-10-14 17:27:48,858 INFO 56692 [egg-schedule]: register schedule /Users/sillyy/学习/Repo/ido-crm-server/node_modules/egg-logrotator/app/schedule/clean_log.js
2019-10-14 17:27:48,858 INFO 56692 [egg-schedule]: register schedule /Users/sillyy/学习/Repo/ido-crm-server/node_modules/egg-logrotator/app/schedule/rotate_by_file.js
2019-10-14 17:29:42,354 INFO 56874 [egg-schedule]: register schedule /Users/sillyy/学习/Repo/ido-crm-server/node_modules/egg-multipart/app/schedule/clean_tmpdir.js
2019-10-14 17:29:42,354 INFO 56874 [egg-schedule]: register schedule /Users/sillyy/学习/Repo/ido-crm-server/node_modules/egg-logrotator/app/schedule/clean_log.js
2019-10-14 17:29:42,354 INFO 56874 [egg-schedule]: register schedule /Users/sillyy/学习/Repo/ido-crm-server/node_modules/egg-logrotator/app/schedule/rotate_by_file.js
2019-10-14 17:30:34,431 INFO 56967 [egg-schedule]: register schedule /Users/sillyy/学习/Repo/ido-crm-server/node_modules/egg-multipart/app/schedule/clean_tmpdir.js
2019-10-14 17:30:34,431 INFO 56967 [egg-schedule]: register schedule /Users/sillyy/学习/Repo/ido-crm-server/node_modules/egg-logrotator/app/schedule/clean_log.js
2019-10-14 17:30:34,431 INFO 56967 [egg-schedule]: register schedule /Users/sillyy/学习/Repo/ido-crm-server/node_modules/egg-logrotator/app/schedule/rotate_by_file.js
2019-10-14 17:30:43,894 INFO 56994 [egg-schedule]: register schedule /Users/sillyy/学习/Repo/ido-crm-server/node_modules/egg-multipart/app/schedule/clean_tmpdir.js
2019-10-14 17:30:43,894 INFO 56994 [egg-schedule]: register schedule /Users/sillyy/学习/Repo/ido-crm-server/node_modules/egg-logrotator/app/schedule/clean_log.js
2019-10-14 17:30:43,894 INFO 56994 [egg-schedule]: register schedule /Users/sillyy/学习/Repo/ido-crm-server/node_modules/egg-logrotator/app/schedule/rotate_by_file.js
2019-10-14 17:31:20,656 INFO 57059 [egg-schedule]: register schedule /Users/sillyy/学习/Repo/ido-crm-server/node_modules/egg-multipart/app/schedule/clean_tmpdir.js
2019-10-14 17:31:20,656 INFO 57059 [egg-schedule]: register schedule /Users/sillyy/学习/Repo/ido-crm-server/node_modules/egg-logrotator/app/schedule/clean_log.js
2019-10-14 17:31:20,656 INFO 57059 [egg-schedule]: register schedule /Users/sillyy/学习/Repo/ido-crm-server/node_modules/egg-logrotator/app/schedule/rotate_by_file.js
2019-10-14 17:31:25,166 INFO 57073 [egg-schedule]: register schedule /Users/sillyy/学习/Repo/ido-crm-server/node_modules/egg-multipart/app/schedule/clean_tmpdir.js
2019-10-14 17:31:25,166 INFO 57073 [egg-schedule]: register schedule /Users/sillyy/学习/Repo/ido-crm-server/node_modules/egg-logrotator/app/schedule/clean_log.js
2019-10-14 17:31:25,166 INFO 57073 [egg-schedule]: register schedule /Users/sillyy/学习/Repo/ido-crm-server/node_modules/egg-logrotator/app/schedule/rotate_by_file.js
2019-10-14 17:32:51,618 INFO 57214 [egg-schedule]: register schedule /Users/sillyy/学习/Repo/ido-crm-server/node_modules/egg-multipart/app/schedule/clean_tmpdir.js
2019-10-14 17:32:51,618 INFO 57214 [egg-schedule]: register schedule /Users/sillyy/学习/Repo/ido-crm-server/node_modules/egg-logrotator/app/schedule/clean_log.js
2019-10-14 17:32:51,618 INFO 57214 [egg-schedule]: register schedule /Users/sillyy/学习/Repo/ido-crm-server/node_modules/egg-logrotator/app/schedule/rotate_by_file.js
2019-10-14 17:34:05,700 INFO 57321 [egg-schedule]: register schedule /Users/sillyy/学习/Repo/ido-crm-server/node_modules/egg-multipart/app/schedule/clean_tmpdir.js
2019-10-14 17:34:05,700 INFO 57321 [egg-schedule]: register schedule /Users/sillyy/学习/Repo/ido-crm-server/node_modules/egg-logrotator/app/schedule/clean_log.js
2019-10-14 17:34:05,700 INFO 57321 [egg-schedule]: register schedule /Users/sillyy/学习/Repo/ido-crm-server/node_modules/egg-logrotator/app/schedule/rotate_by_file.js
2019-10-14 17:34:09,193 INFO 57333 [egg-schedule]: register schedule /Users/sillyy/学习/Repo/ido-crm-server/node_modules/egg-multipart/app/schedule/clean_tmpdir.js
2019-10-14 17:34:09,193 INFO 57333 [egg-schedule]: register schedule /Users/sillyy/学习/Repo/ido-crm-server/node_modules/egg-logrotator/app/schedule/clean_log.js
2019-10-14 17:34:09,193 INFO 57333 [egg-schedule]: register schedule /Users/sillyy/学习/Repo/ido-crm-server/node_modules/egg-logrotator/app/schedule/rotate_by_file.js
2019-10-14 17:37:14,578 INFO 57596 [egg-schedule]: register schedule /Users/sillyy/学习/Repo/ido-crm-server/node_modules/egg-multipart/app/schedule/clean_tmpdir.js
2019-10-14 17:37:14,578 INFO 57596 [egg-schedule]: register schedule /Users/sillyy/学习/Repo/ido-crm-server/node_modules/egg-logrotator/app/schedule/clean_log.js
2019-10-14 17:37:14,578 INFO 57596 [egg-schedule]: register schedule /Users/sillyy/学习/Repo/ido-crm-server/node_modules/egg-logrotator/app/schedule/rotate_by_file.js
2019-10-14 17:38:00,134 INFO 57685 [egg-schedule]: register schedule /Users/sillyy/学习/Repo/ido-crm-server/node_modules/egg-multipart/app/schedule/clean_tmpdir.js
2019-10-14 17:38:00,134 INFO 57685 [egg-schedule]: register schedule /Users/sillyy/学习/Repo/ido-crm-server/node_modules/egg-logrotator/app/schedule/clean_log.js
2019-10-14 17:38:00,134 INFO 57685 [egg-schedule]: register schedule /Users/sillyy/学习/Repo/ido-crm-server/node_modules/egg-logrotator/app/schedule/rotate_by_file.js
2019-10-14 17:38:11,688 INFO 57726 [egg-schedule]: register schedule /Users/sillyy/学习/Repo/ido-crm-server/node_modules/egg-multipart/app/schedule/clean_tmpdir.js
2019-10-14 17:38:11,688 INFO 57726 [egg-schedule]: register schedule /Users/sillyy/学习/Repo/ido-crm-server/node_modules/egg-logrotator/app/schedule/clean_log.js
2019-10-14 17:38:11,688 INFO 57726 [egg-schedule]: register schedule /Users/sillyy/学习/Repo/ido-crm-server/node_modules/egg-logrotator/app/schedule/rotate_by_file.js
2019-10-14 17:38:38,119 INFO 57783 [egg-schedule]: register schedule /Users/sillyy/学习/Repo/ido-crm-server/node_modules/egg-multipart/app/schedule/clean_tmpdir.js
2019-10-14 17:38:38,119 INFO 57783 [egg-schedule]: register schedule /Users/sillyy/学习/Repo/ido-crm-server/node_modules/egg-logrotator/app/schedule/clean_log.js
2019-10-14 17:38:38,120 INFO 57783 [egg-schedule]: register schedule /Users/sillyy/学习/Repo/ido-crm-server/node_modules/egg-logrotator/app/schedule/rotate_by_file.js
2019-10-14 17:40:01,254 INFO 57908 [egg-schedule]: register schedule /Users/sillyy/学习/Repo/ido-crm-server/node_modules/egg-multipart/app/schedule/clean_tmpdir.js
2019-10-14 17:40:01,254 INFO 57908 [egg-schedule]: register schedule /Users/sillyy/学习/Repo/ido-crm-server/node_modules/egg-logrotator/app/schedule/clean_log.js
2019-10-14 17:40:01,254 INFO 57908 [egg-schedule]: register schedule /Users/sillyy/学习/Repo/ido-crm-server/node_modules/egg-logrotator/app/schedule/rotate_by_file.js
2019-10-14 17:41:19,114 INFO 58020 [egg-schedule]: register schedule /Users/sillyy/学习/Repo/ido-crm-server/node_modules/egg-multipart/app/schedule/clean_tmpdir.js
2019-10-14 17:41:19,114 INFO 58020 [egg-schedule]: register schedule /Users/sillyy/学习/Repo/ido-crm-server/node_modules/egg-logrotator/app/schedule/clean_log.js
2019-10-14 17:41:19,114 INFO 58020 [egg-schedule]: register schedule /Users/sillyy/学习/Repo/ido-crm-server/node_modules/egg-logrotator/app/schedule/rotate_by_file.js
2019-10-14 17:41:34,677 INFO 58055 [egg-schedule]: register schedule /Users/sillyy/学习/Repo/ido-crm-server/node_modules/egg-multipart/app/schedule/clean_tmpdir.js
2019-10-14 17:41:34,678 INFO 58055 [egg-schedule]: register schedule /Users/sillyy/学习/Repo/ido-crm-server/node_modules/egg-logrotator/app/schedule/clean_log.js
2019-10-14 17:41:34,678 INFO 58055 [egg-schedule]: register schedule /Users/sillyy/学习/Repo/ido-crm-server/node_modules/egg-logrotator/app/schedule/rotate_by_file.js
2019-10-14 17:43:31,292 INFO 58230 [egg-schedule]: register schedule /Users/sillyy/学习/Repo/ido-crm-server/node_modules/egg-multipart/app/schedule/clean_tmpdir.js
2019-10-14 17:43:31,292 INFO 58230 [egg-schedule]: register schedule /Users/sillyy/学习/Repo/ido-crm-server/node_modules/egg-logrotator/app/schedule/clean_log.js
2019-10-14 17:43:31,292 INFO 58230 [egg-schedule]: register schedule /Users/sillyy/学习/Repo/ido-crm-server/node_modules/egg-logrotator/app/schedule/rotate_by_file.js
2019-10-14 17:43:49,533 INFO 58275 [egg-schedule]: register schedule /Users/sillyy/学习/Repo/ido-crm-server/node_modules/egg-multipart/app/schedule/clean_tmpdir.js
2019-10-14 17:43:49,533 INFO 58275 [egg-schedule]: register schedule /Users/sillyy/学习/Repo/ido-crm-server/node_modules/egg-logrotator/app/schedule/clean_log.js
2019-10-14 17:43:49,533 INFO 58275 [egg-schedule]: register schedule /Users/sillyy/学习/Repo/ido-crm-server/node_modules/egg-logrotator/app/schedule/rotate_by_file.js
2019-10-14 17:44:45,620 INFO 58373 [egg-schedule]: register schedule /Users/sillyy/学习/Repo/ido-crm-server/node_modules/egg-multipart/app/schedule/clean_tmpdir.js
2019-10-14 17:44:45,620 INFO 58373 [egg-schedule]: register schedule /Users/sillyy/学习/Repo/ido-crm-server/node_modules/egg-logrotator/app/schedule/clean_log.js
2019-10-14 17:44:45,620 INFO 58373 [egg-schedule]: register schedule /Users/sillyy/学习/Repo/ido-crm-server/node_modules/egg-logrotator/app/schedule/rotate_by_file.js
2019-10-14 17:47:20,420 INFO 58589 [egg-schedule]: register schedule /Users/sillyy/学习/Repo/ido-crm-server/node_modules/egg-multipart/app/schedule/clean_tmpdir.js
2019-10-14 17:47:20,420 INFO 58589 [egg-schedule]: register schedule /Users/sillyy/学习/Repo/ido-crm-server/node_modules/egg-logrotator/app/schedule/clean_log.js
2019-10-14 17:47:20,420 INFO 58589 [egg-schedule]: register schedule /Users/sillyy/学习/Repo/ido-crm-server/node_modules/egg-logrotator/app/schedule/rotate_by_file.js
2019-10-14 17:47:27,830 INFO 58615 [egg-schedule]: register schedule /Users/sillyy/学习/Repo/ido-crm-server/node_modules/egg-multipart/app/schedule/clean_tmpdir.js
2019-10-14 17:47:27,830 INFO 58615 [egg-schedule]: register schedule /Users/sillyy/学习/Repo/ido-crm-server/node_modules/egg-logrotator/app/schedule/clean_log.js
2019-10-14 17:47:27,830 INFO 58615 [egg-schedule]: register schedule /Users/sillyy/学习/Repo/ido-crm-server/node_modules/egg-logrotator/app/schedule/rotate_by_file.js
2019-10-14 17:51:22,920 INFO 58946 [egg-schedule]: register schedule /Users/sillyy/学习/Repo/ido-crm-server/node_modules/egg-multipart/app/schedule/clean_tmpdir.js
2019-10-14 17:51:22,920 INFO 58946 [egg-schedule]: register schedule /Users/sillyy/学习/Repo/ido-crm-server/node_modules/egg-logrotator/app/schedule/clean_log.js
2019-10-14 17:51:22,920 INFO 58946 [egg-schedule]: register schedule /Users/sillyy/学习/Repo/ido-crm-server/node_modules/egg-logrotator/app/schedule/rotate_by_file.js
2019-10-14 17:51:36,810 INFO 58986 [egg-schedule]: register schedule /Users/sillyy/学习/Repo/ido-crm-server/node_modules/egg-multipart/app/schedule/clean_tmpdir.js
2019-10-14 17:51:36,810 INFO 58986 [egg-schedule]: register schedule /Users/sillyy/学习/Repo/ido-crm-server/node_modules/egg-logrotator/app/schedule/clean_log.js
2019-10-14 17:51:36,810 INFO 58986 [egg-schedule]: register schedule /Users/sillyy/学习/Repo/ido-crm-server/node_modules/egg-logrotator/app/schedule/rotate_by_file.js
2019-10-14 17:51:42,885 INFO 59011 [egg-schedule]: register schedule /Users/sillyy/学习/Repo/ido-crm-server/node_modules/egg-multipart/app/schedule/clean_tmpdir.js
2019-10-14 17:51:42,885 INFO 59011 [egg-schedule]: register schedule /Users/sillyy/学习/Repo/ido-crm-server/node_modules/egg-logrotator/app/schedule/clean_log.js
2019-10-14 17:51:42,885 INFO 59011 [egg-schedule]: register schedule /Users/sillyy/学习/Repo/ido-crm-server/node_modules/egg-logrotator/app/schedule/rotate_by_file.js
2019-10-14 17:51:47,482 INFO 59019 [egg-schedule]: register schedule /Users/sillyy/学习/Repo/ido-crm-server/node_modules/egg-multipart/app/schedule/clean_tmpdir.js
2019-10-14 17:51:47,482 INFO 59019 [egg-schedule]: register schedule /Users/sillyy/学习/Repo/ido-crm-server/node_modules/egg-logrotator/app/schedule/clean_log.js
2019-10-14 17:51:47,482 INFO 59019 [egg-schedule]: register schedule /Users/sillyy/学习/Repo/ido-crm-server/node_modules/egg-logrotator/app/schedule/rotate_by_file.js
2019-10-14 17:51:51,771 INFO 59032 [egg-schedule]: register schedule /Users/sillyy/学习/Repo/ido-crm-server/node_modules/egg-multipart/app/schedule/clean_tmpdir.js
2019-10-14 17:51:51,771 INFO 59032 [egg-schedule]: register schedule /Users/sillyy/学习/Repo/ido-crm-server/node_modules/egg-logrotator/app/schedule/clean_log.js
2019-10-14 17:51:51,771 INFO 59032 [egg-schedule]: register schedule /Users/sillyy/学习/Repo/ido-crm-server/node_modules/egg-logrotator/app/schedule/rotate_by_file.js
2019-10-14 17:53:10,383 INFO 59155 [egg-schedule]: register schedule /Users/sillyy/学习/Repo/ido-crm-server/node_modules/egg-multipart/app/schedule/clean_tmpdir.js
2019-10-14 17:53:10,383 INFO 59155 [egg-schedule]: register schedule /Users/sillyy/学习/Repo/ido-crm-server/node_modules/egg-logrotator/app/schedule/clean_log.js
2019-10-14 17:53:10,383 INFO 59155 [egg-schedule]: register schedule /Users/sillyy/学习/Repo/ido-crm-server/node_modules/egg-logrotator/app/schedule/rotate_by_file.js
2019-10-14 17:53:15,769 INFO 59169 [egg-schedule]: register schedule /Users/sillyy/学习/Repo/ido-crm-server/node_modules/egg-multipart/app/schedule/clean_tmpdir.js
2019-10-14 17:53:15,770 INFO 59169 [egg-schedule]: register schedule /Users/sillyy/学习/Repo/ido-crm-server/node_modules/egg-logrotator/app/schedule/clean_log.js
2019-10-14 17:53:15,770 INFO 59169 [egg-schedule]: register schedule /Users/sillyy/学习/Repo/ido-crm-server/node_modules/egg-logrotator/app/schedule/rotate_by_file.js
2019-10-14 17:53:17,719 INFO 59182 [egg-schedule]: register schedule /Users/sillyy/学习/Repo/ido-crm-server/node_modules/egg-multipart/app/schedule/clean_tmpdir.js
2019-10-14 17:53:17,719 INFO 59182 [egg-schedule]: register schedule /Users/sillyy/学习/Repo/ido-crm-server/node_modules/egg-logrotator/app/schedule/clean_log.js
2019-10-14 17:53:17,719 INFO 59182 [egg-schedule]: register schedule /Users/sillyy/学习/Repo/ido-crm-server/node_modules/egg-logrotator/app/schedule/rotate_by_file.js
2019-10-14 17:53:19,708 INFO 59187 [egg-schedule]: register schedule /Users/sillyy/学习/Repo/ido-crm-server/node_modules/egg-multipart/app/schedule/clean_tmpdir.js
2019-10-14 17:53:19,709 INFO 59187 [egg-schedule]: register schedule /Users/sillyy/学习/Repo/ido-crm-server/node_modules/egg-logrotator/app/schedule/clean_log.js
2019-10-14 17:53:19,709 INFO 59187 [egg-schedule]: register schedule /Users/sillyy/学习/Repo/ido-crm-server/node_modules/egg-logrotator/app/schedule/rotate_by_file.js
2019-10-14 17:53:32,473 INFO 59222 [egg-schedule]: register schedule /Users/sillyy/学习/Repo/ido-crm-server/node_modules/egg-multipart/app/schedule/clean_tmpdir.js
2019-10-14 17:53:32,473 INFO 59222 [egg-schedule]: register schedule /Users/sillyy/学习/Repo/ido-crm-server/node_modules/egg-logrotator/app/schedule/clean_log.js
2019-10-14 17:53:32,473 INFO 59222 [egg-schedule]: register schedule /Users/sillyy/学习/Repo/ido-crm-server/node_modules/egg-logrotator/app/schedule/rotate_by_file.js
2019-10-14 17:53:37,543 INFO 59238 [egg-schedule]: register schedule /Users/sillyy/学习/Repo/ido-crm-server/node_modules/egg-multipart/app/schedule/clean_tmpdir.js
2019-10-14 17:53:37,543 INFO 59238 [egg-schedule]: register schedule /Users/sillyy/学习/Repo/ido-crm-server/node_modules/egg-logrotator/app/schedule/clean_log.js
2019-10-14 17:53:37,543 INFO 59238 [egg-schedule]: register schedule /Users/sillyy/学习/Repo/ido-crm-server/node_modules/egg-logrotator/app/schedule/rotate_by_file.js
